Using Spark's default log4j profile: org/apache/spark/log4j-defaults.properties
19/03/20 07:20:03 INFO SparkContext: Running Spark version 1.5.2
19/03/20 07:20:04 WARN NativeCodeLoader: Unable to load native-hadoop library for your platform... using builtin-java classes where applicable
19/03/20 07:20:04 INFO SecurityManager: Changing view acls to: babariya
19/03/20 07:20:04 INFO SecurityManager: Changing modify acls to: babariya
19/03/20 07:20:04 INFO SecurityManager: SecurityManager: authentication disabled; ui acls disabled; users with view permissions: Set(babariya); users with modify permissions: Set(babariya)
19/03/20 07:20:05 INFO Slf4jLogger: Slf4jLogger started
19/03/20 07:20:05 INFO Remoting: Starting remoting
19/03/20 07:20:05 INFO Remoting: Remoting started; listening on addresses :[akka.tcp://sparkDriver@198.202.116.18:46774]
19/03/20 07:20:05 INFO Utils: Successfully started service 'sparkDriver' on port 46774.
19/03/20 07:20:05 INFO SparkEnv: Registering MapOutputTracker
19/03/20 07:20:05 INFO SparkEnv: Registering BlockManagerMaster
19/03/20 07:20:05 INFO DiskBlockManager: Created local directory at /tmp/blockmgr-d48e47a7-54d7-42a0-bb3c-771483428e01
19/03/20 07:20:05 INFO MemoryStore: MemoryStore started with capacity 530.0 MB
19/03/20 07:20:05 INFO HttpFileServer: HTTP File server directory is /tmp/spark-89c932aa-dc6a-462c-b99a-861d48c4738e/httpd-d4b8ac72-52eb-4857-a009-bf19a85c04c6
19/03/20 07:20:05 INFO HttpServer: Starting HTTP Server
19/03/20 07:20:05 INFO Utils: Successfully started service 'HTTP file server' on port 45878.
19/03/20 07:20:05 INFO SparkEnv: Registering OutputCommitCoordinator
19/03/20 07:20:05 INFO Utils: Successfully started service 'SparkUI' on port 4040.
19/03/20 07:20:05 INFO SparkUI: Started SparkUI at http://198.202.116.18:4040
19/03/20 07:20:06 INFO SparkContext: Added JAR file:/home/babariya/project4/multiply.jar at http://198.202.116.18:45878/jars/multiply.jar with timestamp 1553091606008
19/03/20 07:20:06 WARN MetricsSystem: Using default name DAGScheduler for source because spark.app.id is not set.
19/03/20 07:20:06 INFO Executor: Starting executor ID driver on host localhost
19/03/20 07:20:06 INFO Utils: Successfully started service 'org.apache.spark.network.netty.NettyBlockTransferService' on port 35146.
19/03/20 07:20:06 INFO NettyBlockTransferService: Server created on 35146
19/03/20 07:20:06 INFO BlockManagerMaster: Trying to register BlockManager
19/03/20 07:20:06 INFO BlockManagerMasterEndpoint: Registering block manager localhost:35146 with 530.0 MB RAM, BlockManagerId(driver, localhost, 35146)
19/03/20 07:20:06 INFO BlockManagerMaster: Registered BlockManager
19/03/20 07:20:07 INFO MemoryStore: ensureFreeSpace(120040) called with curMem=0, maxMem=555755765
19/03/20 07:20:07 INFO MemoryStore: Block broadcast_0 stored as values in memory (estimated size 117.2 KB, free 529.9 MB)
19/03/20 07:20:07 INFO MemoryStore: ensureFreeSpace(12673) called with curMem=120040, maxMem=555755765
19/03/20 07:20:07 INFO MemoryStore: Block broadcast_0_piece0 stored as bytes in memory (estimated size 12.4 KB, free 529.9 MB)
19/03/20 07:20:07 INFO BlockManagerInfo: Added broadcast_0_piece0 in memory on localhost:35146 (size: 12.4 KB, free: 530.0 MB)
19/03/20 07:20:07 INFO SparkContext: Created broadcast 0 from textFile at Multiply.scala:9
19/03/20 07:20:07 INFO MemoryStore: ensureFreeSpace(120080) called with curMem=132713, maxMem=555755765
19/03/20 07:20:07 INFO MemoryStore: Block broadcast_1 stored as values in memory (estimated size 117.3 KB, free 529.8 MB)
19/03/20 07:20:07 INFO MemoryStore: ensureFreeSpace(12673) called with curMem=252793, maxMem=555755765
19/03/20 07:20:07 INFO MemoryStore: Block broadcast_1_piece0 stored as bytes in memory (estimated size 12.4 KB, free 529.8 MB)
19/03/20 07:20:07 INFO BlockManagerInfo: Added broadcast_1_piece0 in memory on localhost:35146 (size: 12.4 KB, free: 530.0 MB)
19/03/20 07:20:07 INFO SparkContext: Created broadcast 1 from textFile at Multiply.scala:13
19/03/20 07:20:07 INFO FileInputFormat: Total input paths to process : 1
19/03/20 07:20:07 INFO FileInputFormat: Total input paths to process : 1
19/03/20 07:20:07 INFO SparkContext: Starting job: foreach at Multiply.scala:27
19/03/20 07:20:07 INFO DAGScheduler: Registering RDD 7 (map at Multiply.scala:20)
19/03/20 07:20:07 INFO DAGScheduler: Registering RDD 6 (map at Multiply.scala:20)
19/03/20 07:20:07 INFO DAGScheduler: Registering RDD 11 (map at Multiply.scala:21)
19/03/20 07:20:07 INFO DAGScheduler: Got job 0 (foreach at Multiply.scala:27) with 2 output partitions
19/03/20 07:20:07 INFO DAGScheduler: Final stage: ResultStage 3(foreach at Multiply.scala:27)
19/03/20 07:20:07 INFO DAGScheduler: Parents of final stage: List(ShuffleMapStage 2)
19/03/20 07:20:07 INFO DAGScheduler: Missing parents: List(ShuffleMapStage 2)
19/03/20 07:20:07 INFO DAGScheduler: Submitting ShuffleMapStage 0 (MapPartitionsRDD[7] at map at Multiply.scala:20), which has no missing parents
19/03/20 07:20:07 INFO MemoryStore: ensureFreeSpace(3696) called with curMem=265466, maxMem=555755765
19/03/20 07:20:07 INFO MemoryStore: Block broadcast_2 stored as values in memory (estimated size 3.6 KB, free 529.8 MB)
19/03/20 07:20:07 INFO MemoryStore: ensureFreeSpace(2151) called with curMem=269162, maxMem=555755765
19/03/20 07:20:07 INFO MemoryStore: Block broadcast_2_piece0 stored as bytes in memory (estimated size 2.1 KB, free 529.8 MB)
19/03/20 07:20:07 INFO BlockManagerInfo: Added broadcast_2_piece0 in memory on localhost:35146 (size: 2.1 KB, free: 530.0 MB)
19/03/20 07:20:07 INFO SparkContext: Created broadcast 2 from broadcast at DAGScheduler.scala:861
19/03/20 07:20:07 INFO DAGScheduler: Submitting 2 missing tasks from ShuffleMapStage 0 (MapPartitionsRDD[7] at map at Multiply.scala:20)
19/03/20 07:20:07 INFO TaskSchedulerImpl: Adding task set 0.0 with 2 tasks
19/03/20 07:20:07 INFO DAGScheduler: Submitting ShuffleMapStage 1 (MapPartitionsRDD[6] at map at Multiply.scala:20), which has no missing parents
19/03/20 07:20:07 INFO MemoryStore: ensureFreeSpace(3696) called with curMem=271313, maxMem=555755765
19/03/20 07:20:07 INFO MemoryStore: Block broadcast_3 stored as values in memory (estimated size 3.6 KB, free 529.7 MB)
19/03/20 07:20:07 INFO MemoryStore: ensureFreeSpace(2151) called with curMem=275009, maxMem=555755765
19/03/20 07:20:07 INFO MemoryStore: Block broadcast_3_piece0 stored as bytes in memory (estimated size 2.1 KB, free 529.7 MB)
19/03/20 07:20:07 INFO BlockManagerInfo: Added broadcast_3_piece0 in memory on localhost:35146 (size: 2.1 KB, free: 530.0 MB)
19/03/20 07:20:07 INFO SparkContext: Created broadcast 3 from broadcast at DAGScheduler.scala:861
19/03/20 07:20:07 INFO DAGScheduler: Submitting 2 missing tasks from ShuffleMapStage 1 (MapPartitionsRDD[6] at map at Multiply.scala:20)
19/03/20 07:20:07 INFO TaskSchedulerImpl: Adding task set 1.0 with 2 tasks
19/03/20 07:20:07 INFO TaskSetManager: Starting task 0.0 in stage 0.0 (TID 0, localhost, PROCESS_LOCAL, 2200 bytes)
19/03/20 07:20:07 INFO TaskSetManager: Starting task 1.0 in stage 0.0 (TID 1, localhost, PROCESS_LOCAL, 2200 bytes)
19/03/20 07:20:07 INFO Executor: Running task 0.0 in stage 0.0 (TID 0)
19/03/20 07:20:07 INFO Executor: Fetching http://198.202.116.18:45878/jars/multiply.jar with timestamp 1553091606008
19/03/20 07:20:07 INFO Executor: Running task 1.0 in stage 0.0 (TID 1)
19/03/20 07:20:08 INFO Utils: Fetching http://198.202.116.18:45878/jars/multiply.jar to /tmp/spark-89c932aa-dc6a-462c-b99a-861d48c4738e/userFiles-102b063a-d307-4c0d-bb33-792d33f30966/fetchFileTemp2564749999462537228.tmp
19/03/20 07:20:08 INFO Executor: Adding file:/tmp/spark-89c932aa-dc6a-462c-b99a-861d48c4738e/userFiles-102b063a-d307-4c0d-bb33-792d33f30966/multiply.jar to class loader
19/03/20 07:20:08 INFO HadoopRDD: Input split: file:/home/babariya/project4/N-matrix-small.txt:33+34
19/03/20 07:20:08 INFO HadoopRDD: Input split: file:/home/babariya/project4/N-matrix-small.txt:0+33
19/03/20 07:20:08 INFO deprecation: mapred.tip.id is deprecated. Instead, use mapreduce.task.id
19/03/20 07:20:08 INFO deprecation: mapred.task.id is deprecated. Instead, use mapreduce.task.attempt.id
19/03/20 07:20:08 INFO deprecation: mapred.task.is.map is deprecated. Instead, use mapreduce.task.ismap
19/03/20 07:20:08 INFO deprecation: mapred.task.partition is deprecated. Instead, use mapreduce.task.partition
19/03/20 07:20:08 INFO deprecation: mapred.job.id is deprecated. Instead, use mapreduce.job.id
19/03/20 07:20:08 INFO Executor: Finished task 1.0 in stage 0.0 (TID 1). 2254 bytes result sent to driver
19/03/20 07:20:08 INFO Executor: Finished task 0.0 in stage 0.0 (TID 0). 2254 bytes result sent to driver
19/03/20 07:20:08 INFO TaskSetManager: Starting task 0.0 in stage 1.0 (TID 2, localhost, PROCESS_LOCAL, 2200 bytes)
19/03/20 07:20:08 INFO Executor: Running task 0.0 in stage 1.0 (TID 2)
19/03/20 07:20:08 INFO TaskSetManager: Starting task 1.0 in stage 1.0 (TID 3, localhost, PROCESS_LOCAL, 2200 bytes)
19/03/20 07:20:08 INFO Executor: Running task 1.0 in stage 1.0 (TID 3)
19/03/20 07:20:08 INFO HadoopRDD: Input split: file:/home/babariya/project4/M-matrix-small.txt:46+46
19/03/20 07:20:08 INFO Executor: Finished task 1.0 in stage 1.0 (TID 3). 2254 bytes result sent to driver
19/03/20 07:20:08 INFO HadoopRDD: Input split: file:/home/babariya/project4/M-matrix-small.txt:0+46
19/03/20 07:20:08 INFO TaskSetManager: Finished task 0.0 in stage 0.0 (TID 0) in 233 ms on localhost (1/2)
19/03/20 07:20:08 INFO Executor: Finished task 0.0 in stage 1.0 (TID 2). 2254 bytes result sent to driver
19/03/20 07:20:08 INFO TaskSetManager: Finished task 1.0 in stage 0.0 (TID 1) in 236 ms on localhost (2/2)
19/03/20 07:20:08 INFO TaskSchedulerImpl: Removed TaskSet 0.0, whose tasks have all completed, from pool 
19/03/20 07:20:08 INFO DAGScheduler: ShuffleMapStage 0 (map at Multiply.scala:20) finished in 0.258 s
19/03/20 07:20:08 INFO DAGScheduler: looking for newly runnable stages
19/03/20 07:20:08 INFO DAGScheduler: running: Set(ShuffleMapStage 1)
19/03/20 07:20:08 INFO DAGScheduler: waiting: Set(ShuffleMapStage 2, ResultStage 3)
19/03/20 07:20:08 INFO DAGScheduler: failed: Set()
19/03/20 07:20:08 INFO DAGScheduler: Missing parents for ShuffleMapStage 2: List(ShuffleMapStage 1)
19/03/20 07:20:08 INFO DAGScheduler: Missing parents for ResultStage 3: List(ShuffleMapStage 2)
19/03/20 07:20:08 INFO TaskSetManager: Finished task 1.0 in stage 1.0 (TID 3) in 64 ms on localhost (1/2)
19/03/20 07:20:08 INFO DAGScheduler: ShuffleMapStage 1 (map at Multiply.scala:20) finished in 0.254 s
19/03/20 07:20:08 INFO DAGScheduler: looking for newly runnable stages
19/03/20 07:20:08 INFO DAGScheduler: running: Set()
19/03/20 07:20:08 INFO DAGScheduler: waiting: Set(ShuffleMapStage 2, ResultStage 3)
19/03/20 07:20:08 INFO DAGScheduler: failed: Set()
19/03/20 07:20:08 INFO DAGScheduler: Missing parents for ShuffleMapStage 2: List()
19/03/20 07:20:08 INFO DAGScheduler: Missing parents for ResultStage 3: List(ShuffleMapStage 2)
19/03/20 07:20:08 INFO TaskSetManager: Finished task 0.0 in stage 1.0 (TID 2) in 67 ms on localhost (2/2)
19/03/20 07:20:08 INFO TaskSchedulerImpl: Removed TaskSet 1.0, whose tasks have all completed, from pool 
19/03/20 07:20:08 INFO DAGScheduler: Submitting ShuffleMapStage 2 (MapPartitionsRDD[11] at map at Multiply.scala:21), which is now runnable
19/03/20 07:20:08 INFO MemoryStore: ensureFreeSpace(3040) called with curMem=277160, maxMem=555755765
19/03/20 07:20:08 INFO MemoryStore: Block broadcast_4 stored as values in memory (estimated size 3.0 KB, free 529.7 MB)
19/03/20 07:20:08 INFO MemoryStore: ensureFreeSpace(1653) called with curMem=280200, maxMem=555755765
19/03/20 07:20:08 INFO MemoryStore: Block broadcast_4_piece0 stored as bytes in memory (estimated size 1653.0 B, free 529.7 MB)
19/03/20 07:20:08 INFO BlockManagerInfo: Added broadcast_4_piece0 in memory on localhost:35146 (size: 1653.0 B, free: 530.0 MB)
19/03/20 07:20:08 INFO SparkContext: Created broadcast 4 from broadcast at DAGScheduler.scala:861
19/03/20 07:20:08 INFO DAGScheduler: Submitting 2 missing tasks from ShuffleMapStage 2 (MapPartitionsRDD[11] at map at Multiply.scala:21)
19/03/20 07:20:08 INFO TaskSchedulerImpl: Adding task set 2.0 with 2 tasks
19/03/20 07:20:08 INFO TaskSetManager: Starting task 0.0 in stage 2.0 (TID 4, localhost, PROCESS_LOCAL, 2018 bytes)
19/03/20 07:20:08 INFO TaskSetManager: Starting task 1.0 in stage 2.0 (TID 5, localhost, PROCESS_LOCAL, 2018 bytes)
19/03/20 07:20:08 INFO Executor: Running task 0.0 in stage 2.0 (TID 4)
19/03/20 07:20:08 INFO Executor: Running task 1.0 in stage 2.0 (TID 5)
19/03/20 07:20:08 INFO ShuffleBlockFetcherIterator: Getting 2 non-empty blocks out of 2 blocks
19/03/20 07:20:08 INFO ShuffleBlockFetcherIterator: Getting 2 non-empty blocks out of 2 blocks
19/03/20 07:20:08 INFO ShuffleBlockFetcherIterator: Started 0 remote fetches in 0 ms
19/03/20 07:20:08 INFO ShuffleBlockFetcherIterator: Started 0 remote fetches in 3 ms
19/03/20 07:20:08 INFO ShuffleBlockFetcherIterator: Getting 2 non-empty blocks out of 2 blocks
19/03/20 07:20:08 INFO ShuffleBlockFetcherIterator: Getting 2 non-empty blocks out of 2 blocks
19/03/20 07:20:08 INFO ShuffleBlockFetcherIterator: Started 0 remote fetches in 0 ms
19/03/20 07:20:08 INFO ShuffleBlockFetcherIterator: Started 0 remote fetches in 0 ms
19/03/20 07:20:08 INFO Executor: Finished task 1.0 in stage 2.0 (TID 5). 1375 bytes result sent to driver
19/03/20 07:20:08 INFO Executor: Finished task 0.0 in stage 2.0 (TID 4). 1375 bytes result sent to driver
19/03/20 07:20:08 INFO TaskSetManager: Finished task 1.0 in stage 2.0 (TID 5) in 59 ms on localhost (1/2)
19/03/20 07:20:08 INFO TaskSetManager: Finished task 0.0 in stage 2.0 (TID 4) in 60 ms on localhost (2/2)
19/03/20 07:20:08 INFO TaskSchedulerImpl: Removed TaskSet 2.0, whose tasks have all completed, from pool 
19/03/20 07:20:08 INFO DAGScheduler: ShuffleMapStage 2 (map at Multiply.scala:21) finished in 0.057 s
19/03/20 07:20:08 INFO DAGScheduler: looking for newly runnable stages
19/03/20 07:20:08 INFO DAGScheduler: running: Set()
19/03/20 07:20:08 INFO DAGScheduler: waiting: Set(ResultStage 3)
19/03/20 07:20:08 INFO DAGScheduler: failed: Set()
19/03/20 07:20:08 INFO DAGScheduler: Missing parents for ResultStage 3: List()
19/03/20 07:20:08 INFO DAGScheduler: Submitting ResultStage 3 (ShuffledRDD[12] at reduceByKey at Multiply.scala:25), which is now runnable
19/03/20 07:20:08 INFO MemoryStore: ensureFreeSpace(2184) called with curMem=281853, maxMem=555755765
19/03/20 07:20:08 INFO MemoryStore: Block broadcast_5 stored as values in memory (estimated size 2.1 KB, free 529.7 MB)
19/03/20 07:20:08 INFO MemoryStore: ensureFreeSpace(1356) called with curMem=284037, maxMem=555755765
19/03/20 07:20:08 INFO MemoryStore: Block broadcast_5_piece0 stored as bytes in memory (estimated size 1356.0 B, free 529.7 MB)
19/03/20 07:20:08 INFO BlockManagerInfo: Added broadcast_5_piece0 in memory on localhost:35146 (size: 1356.0 B, free: 530.0 MB)
19/03/20 07:20:08 INFO SparkContext: Created broadcast 5 from broadcast at DAGScheduler.scala:861
19/03/20 07:20:08 INFO DAGScheduler: Submitting 2 missing tasks from ResultStage 3 (ShuffledRDD[12] at reduceByKey at Multiply.scala:25)
19/03/20 07:20:08 INFO TaskSchedulerImpl: Adding task set 3.0 with 2 tasks
19/03/20 07:20:08 INFO TaskSetManager: Starting task 0.0 in stage 3.0 (TID 6, localhost, PROCESS_LOCAL, 1956 bytes)
19/03/20 07:20:08 INFO TaskSetManager: Starting task 1.0 in stage 3.0 (TID 7, localhost, PROCESS_LOCAL, 1956 bytes)
19/03/20 07:20:08 INFO Executor: Running task 1.0 in stage 3.0 (TID 7)
19/03/20 07:20:08 INFO Executor: Running task 0.0 in stage 3.0 (TID 6)
19/03/20 07:20:08 INFO ShuffleBlockFetcherIterator: Getting 2 non-empty blocks out of 2 blocks
19/03/20 07:20:08 INFO ShuffleBlockFetcherIterator: Started 0 remote fetches in 1 ms
((0,0),7.0)
((1,1),-9.0)
((2,2),-1.0)
((3,2),0.0)
((0,2),1.0)
((2,0),59.0)
19/03/20 07:20:08 INFO Executor: Finished task 1.0 in stage 3.0 (TID 7). 1165 bytes result sent to driver
19/03/20 07:20:08 INFO TaskSetManager: Finished task 1.0 in stage 3.0 (TID 7) in 14 ms on localhost (1/2)
19/03/20 07:20:08 INFO ShuffleBlockFetcherIterator: Getting 2 non-empty blocks out of 2 blocks
19/03/20 07:20:08 INFO ShuffleBlockFetcherIterator: Started 0 remote fetches in 1 ms
((3,1),56.0)
((1,0),45.0)
((3,0),49.0)
((0,1),-43.0)
((1,2),1.0)
((2,1),21.0)
19/03/20 07:20:08 INFO Executor: Finished task 0.0 in stage 3.0 (TID 6). 1165 bytes result sent to driver
19/03/20 07:20:08 INFO TaskSetManager: Finished task 0.0 in stage 3.0 (TID 6) in 25 ms on localhost (2/2)
19/03/20 07:20:08 INFO TaskSchedulerImpl: Removed TaskSet 3.0, whose tasks have all completed, from pool 
19/03/20 07:20:08 INFO DAGScheduler: ResultStage 3 (foreach at Multiply.scala:27) finished in 0.025 s
19/03/20 07:20:08 INFO DAGScheduler: Job 0 finished: foreach at Multiply.scala:27, took 0.532230 s
19/03/20 07:20:08 INFO SparkContext: Starting job: saveAsTextFile at Multiply.scala:28
19/03/20 07:20:08 INFO MapOutputTrackerMaster: Size of output statuses for shuffle 1 is 155 bytes
19/03/20 07:20:08 INFO MapOutputTrackerMaster: Size of output statuses for shuffle 0 is 155 bytes
19/03/20 07:20:08 INFO MapOutputTrackerMaster: Size of output statuses for shuffle 2 is 155 bytes
19/03/20 07:20:08 INFO DAGScheduler: Got job 1 (saveAsTextFile at Multiply.scala:28) with 2 output partitions
19/03/20 07:20:08 INFO DAGScheduler: Final stage: ResultStage 7(saveAsTextFile at Multiply.scala:28)
19/03/20 07:20:08 INFO DAGScheduler: Parents of final stage: List(ShuffleMapStage 6)
19/03/20 07:20:08 INFO DAGScheduler: Missing parents: List()
19/03/20 07:20:08 INFO DAGScheduler: Submitting ResultStage 7 (MapPartitionsRDD[13] at saveAsTextFile at Multiply.scala:28), which has no missing parents
19/03/20 07:20:08 INFO MemoryStore: ensureFreeSpace(112760) called with curMem=285393, maxMem=555755765
19/03/20 07:20:08 INFO MemoryStore: Block broadcast_6 stored as values in memory (estimated size 110.1 KB, free 529.6 MB)
19/03/20 07:20:08 INFO MemoryStore: ensureFreeSpace(37887) called with curMem=398153, maxMem=555755765
19/03/20 07:20:08 INFO MemoryStore: Block broadcast_6_piece0 stored as bytes in memory (estimated size 37.0 KB, free 529.6 MB)
19/03/20 07:20:08 INFO BlockManagerInfo: Added broadcast_6_piece0 in memory on localhost:35146 (size: 37.0 KB, free: 529.9 MB)
19/03/20 07:20:08 INFO SparkContext: Created broadcast 6 from broadcast at DAGScheduler.scala:861
19/03/20 07:20:08 INFO DAGScheduler: Submitting 2 missing tasks from ResultStage 7 (MapPartitionsRDD[13] at saveAsTextFile at Multiply.scala:28)
19/03/20 07:20:08 INFO TaskSchedulerImpl: Adding task set 7.0 with 2 tasks
19/03/20 07:20:08 INFO TaskSetManager: Starting task 0.0 in stage 7.0 (TID 8, localhost, PROCESS_LOCAL, 1956 bytes)
19/03/20 07:20:08 INFO TaskSetManager: Starting task 1.0 in stage 7.0 (TID 9, localhost, PROCESS_LOCAL, 1956 bytes)
19/03/20 07:20:08 INFO Executor: Running task 0.0 in stage 7.0 (TID 8)
19/03/20 07:20:08 INFO Executor: Running task 1.0 in stage 7.0 (TID 9)
19/03/20 07:20:08 INFO ShuffleBlockFetcherIterator: Getting 2 non-empty blocks out of 2 blocks
19/03/20 07:20:08 INFO ShuffleBlockFetcherIterator: Started 0 remote fetches in 0 ms
19/03/20 07:20:08 INFO ShuffleBlockFetcherIterator: Getting 2 non-empty blocks out of 2 blocks
19/03/20 07:20:08 INFO ShuffleBlockFetcherIterator: Started 0 remote fetches in 5 ms
19/03/20 07:20:08 INFO FileOutputCommitter: Saved output of task 'attempt_201903200720_0007_m_000001_9' to file:/home/babariya/project4/output/_temporary/0/task_201903200720_0007_m_000001
19/03/20 07:20:08 INFO SparkHadoopMapRedUtil: attempt_201903200720_0007_m_000001_9: Committed
19/03/20 07:20:08 INFO Executor: Finished task 1.0 in stage 7.0 (TID 9). 1165 bytes result sent to driver
19/03/20 07:20:08 INFO TaskSetManager: Finished task 1.0 in stage 7.0 (TID 9) in 109 ms on localhost (1/2)
19/03/20 07:20:08 INFO FileOutputCommitter: Saved output of task 'attempt_201903200720_0007_m_000000_8' to file:/home/babariya/project4/output/_temporary/0/task_201903200720_0007_m_000000
19/03/20 07:20:08 INFO SparkHadoopMapRedUtil: attempt_201903200720_0007_m_000000_8: Committed
19/03/20 07:20:08 INFO Executor: Finished task 0.0 in stage 7.0 (TID 8). 1165 bytes result sent to driver
19/03/20 07:20:08 INFO TaskSetManager: Finished task 0.0 in stage 7.0 (TID 8) in 115 ms on localhost (2/2)
19/03/20 07:20:08 INFO TaskSchedulerImpl: Removed TaskSet 7.0, whose tasks have all completed, from pool 
19/03/20 07:20:08 INFO DAGScheduler: ResultStage 7 (saveAsTextFile at Multiply.scala:28) finished in 0.112 s
19/03/20 07:20:08 INFO DAGScheduler: Job 1 finished: saveAsTextFile at Multiply.scala:28, took 0.191381 s
19/03/20 07:20:08 INFO SparkUI: Stopped Spark web UI at http://198.202.116.18:4040
19/03/20 07:20:08 INFO DAGScheduler: Stopping DAGScheduler
19/03/20 07:20:08 INFO MapOutputTrackerMasterEndpoint: MapOutputTrackerMasterEndpoint stopped!
19/03/20 07:20:08 INFO MemoryStore: MemoryStore cleared
19/03/20 07:20:08 INFO BlockManager: BlockManager stopped
19/03/20 07:20:08 INFO BlockManagerMaster: BlockManagerMaster stopped
19/03/20 07:20:08 INFO SparkContext: Successfully stopped SparkContext
19/03/20 07:20:08 INFO OutputCommitCoordinator$OutputCommitCoordinatorEndpoint: OutputCommitCoordinator stopped!
19/03/20 07:20:08 INFO ShutdownHookManager: Shutdown hook called
19/03/20 07:20:08 INFO ShutdownHookManager: Deleting directory /tmp/spark-89c932aa-dc6a-462c-b99a-861d48c4738e
